<?xml version="1.0" encoding="UTF-8"?>
<!-- Generated by org.testng.reporters.JUnitReportReporter -->
<testsuite hostname="user" failures="0" tests="1" name="com.test.hlComSites.UnitedStatesTest" time="17.899" errors="0" timestamp="2022-08-15T12:37:44 IST" skipped="0">
  <testcase classname="com.test.hlComSites.UnitedStatesTest" name="VerifyHomePageofUSCountry" time="17.899"/>
  <system-out/>
</testsuite> <!-- com.test.hlComSites.UnitedStatesTest -->
